
############# Contextual Self-Modulation #############

Jax version: 0.4.30
Available devices: [CpuDevice(id=0)]
01:00:11      Epoch:   0      Loss: 118526864.00000000      Time/Epoch(s): 0.5513
01:00:55      Epoch: 1000      Loss: 1.16606772      Time/Epoch(s): 0.0433
01:01:38      Epoch: 2000      Loss: 1.09136474      Time/Epoch(s): 0.0436
01:02:25      Epoch: 3000      Loss: 1.06081402      Time/Epoch(s): 0.0418
01:03:11      Epoch: 4000      Loss: 1.03226888      Time/Epoch(s): 0.0424
01:03:53      Epoch: 5000      Loss: 1.00697649      Time/Epoch(s): 0.0415
01:04:35      Epoch: 6000      Loss: 0.96245515      Time/Epoch(s): 0.0423
01:05:19      Epoch: 7000      Loss: 0.91104412      Time/Epoch(s): 0.0417
01:06:28      Epoch: 8000      Loss: 0.86019385      Time/Epoch(s): 0.0422
01:07:10      Epoch: 9000      Loss: 0.81547040      Time/Epoch(s): 0.0414
01:07:52      Epoch: 10000      Loss: 0.76338780      Time/Epoch(s): 0.0430
01:08:36      Epoch: 11000      Loss: 0.70820320      Time/Epoch(s): 0.0438
01:09:19      Epoch: 12000      Loss: 0.68602616      Time/Epoch(s): 0.0450
01:10:03      Epoch: 13000      Loss: 0.66094697      Time/Epoch(s): 0.0453
01:10:46      Epoch: 14000      Loss: 0.63741195      Time/Epoch(s): 0.0448
01:11:29      Epoch: 15000      Loss: 0.64986789      Time/Epoch(s): 0.0444
01:12:12      Epoch: 16000      Loss: 0.62667173      Time/Epoch(s): 0.0434
01:12:55      Epoch: 17000      Loss: 0.63695508      Time/Epoch(s): 0.0412
01:13:38      Epoch: 18000      Loss: 0.61237705      Time/Epoch(s): 0.0414
01:14:21      Epoch: 19000      Loss: 0.61110431      Time/Epoch(s): 0.0417
01:15:05      Epoch: 20000      Loss: 0.60737264      Time/Epoch(s): 0.0450
01:15:47      Epoch: 21000      Loss: 0.60054630      Time/Epoch(s): 0.0413
01:16:30      Epoch: 22000      Loss: 0.60389608      Time/Epoch(s): 0.0415
01:17:12      Epoch: 23000      Loss: 0.59115416      Time/Epoch(s): 0.0417
01:17:54      Epoch: 24000      Loss: 0.60698926      Time/Epoch(s): 0.0419
01:18:37      Epoch: 25000      Loss: 0.57389337      Time/Epoch(s): 0.0428
01:19:19      Epoch: 26000      Loss: 0.56862223      Time/Epoch(s): 0.0418
01:20:03      Epoch: 27000      Loss: 0.56572235      Time/Epoch(s): 0.0447
01:20:45      Epoch: 28000      Loss: 0.54451162      Time/Epoch(s): 0.0420
01:21:28      Epoch: 29000      Loss: 0.55085725      Time/Epoch(s): 0.0420
01:22:10      Epoch: 30000      Loss: 0.55712408      Time/Epoch(s): 0.0416
01:22:53      Epoch: 31000      Loss: 1817.58569336      Time/Epoch(s): 0.0442
01:23:36      Epoch: 32000      Loss: 0.54078698      Time/Epoch(s): 0.0419
01:24:18      Epoch: 33000      Loss: 0.53714162      Time/Epoch(s): 0.0411
01:25:01      Epoch: 34000      Loss: 0.55058986      Time/Epoch(s): 0.0412
01:25:44      Epoch: 35000      Loss: 0.53787255      Time/Epoch(s): 0.0417
01:26:26      Epoch: 36000      Loss: 0.54137439      Time/Epoch(s): 0.0414
01:27:08      Epoch: 37000      Loss: 0.53002286      Time/Epoch(s): 0.0416
01:27:50      Epoch: 38000      Loss: 0.52888393      Time/Epoch(s): 0.0413
01:28:33      Epoch: 39000      Loss: 0.52714521      Time/Epoch(s): 0.0417
01:29:15      Epoch: 40000      Loss: 0.51658040      Time/Epoch(s): 0.0425
01:29:57      Epoch: 41000      Loss: 0.52067840      Time/Epoch(s): 0.0425
01:30:39      Epoch: 42000      Loss: 0.51617503      Time/Epoch(s): 0.0449
01:31:22      Epoch: 43000      Loss: 0.52855080      Time/Epoch(s): 0.0415
01:32:06      Epoch: 44000      Loss: 0.52094215      Time/Epoch(s): 0.0456
01:32:49      Epoch: 45000      Loss: 0.51317900      Time/Epoch(s): 0.0416
01:33:33      Epoch: 46000      Loss: 0.51862252      Time/Epoch(s): 0.0453
01:34:16      Epoch: 47000      Loss: 0.52141821      Time/Epoch(s): 0.0443
01:35:00      Epoch: 48000      Loss: 0.51209015      Time/Epoch(s): 0.0411
01:35:43      Epoch: 49000      Loss: 0.51357973      Time/Epoch(s): 0.0438
01:36:27      Epoch: 50000      Loss: 0.51008886      Time/Epoch(s): 0.0412
01:37:10      Epoch: 51000      Loss: 0.51223737      Time/Epoch(s): 0.0420
01:37:53      Epoch: 52000      Loss: 0.51305455      Time/Epoch(s): 0.0452
01:38:36      Epoch: 53000      Loss: 0.49677226      Time/Epoch(s): 0.0447
01:39:20      Epoch: 54000      Loss: 0.50328380      Time/Epoch(s): 0.0419
01:40:03      Epoch: 55000      Loss: 0.49952945      Time/Epoch(s): 0.0417
01:40:46      Epoch: 56000      Loss: 0.49196082      Time/Epoch(s): 0.0442
01:41:29      Epoch: 57000      Loss: 0.49330157      Time/Epoch(s): 0.0451
01:42:13      Epoch: 58000      Loss: 0.50156105      Time/Epoch(s): 0.0414
01:42:56      Epoch: 59000      Loss: 0.52068591      Time/Epoch(s): 0.0421
01:43:39      Epoch: 60000      Loss: 0.50782698      Time/Epoch(s): 0.0412
01:44:22      Epoch: 61000      Loss: 0.49497035      Time/Epoch(s): 0.0417
01:45:06      Epoch: 62000      Loss: 0.50386560      Time/Epoch(s): 0.0425
01:45:49      Epoch: 63000      Loss: 0.50535882      Time/Epoch(s): 0.0453
01:46:32      Epoch: 64000      Loss: 0.49008226      Time/Epoch(s): 0.0456
01:47:15      Epoch: 65000      Loss: 0.50382322      Time/Epoch(s): 0.0414
01:47:59      Epoch: 66000      Loss: 0.49001646      Time/Epoch(s): 0.0418
01:48:42      Epoch: 67000      Loss: 0.48711503      Time/Epoch(s): 0.0421
01:49:25      Epoch: 68000      Loss: 0.49643096      Time/Epoch(s): 0.0451
01:50:08      Epoch: 69000      Loss: 0.49738714      Time/Epoch(s): 0.0457
01:50:52      Epoch: 70000      Loss: 0.49827981      Time/Epoch(s): 0.0460
01:51:35      Epoch: 71000      Loss: 0.50044537      Time/Epoch(s): 0.0447
01:52:18      Epoch: 72000      Loss: 0.49144697      Time/Epoch(s): 0.0451
01:53:01      Epoch: 73000      Loss: 0.49911541      Time/Epoch(s): 0.0415
01:53:44      Epoch: 74000      Loss: 0.49073660      Time/Epoch(s): 0.0420
01:54:27      Epoch: 75000      Loss: 0.49404079      Time/Epoch(s): 0.0452
01:55:10      Epoch: 76000      Loss: 0.50497603      Time/Epoch(s): 0.0420
01:55:53      Epoch: 77000      Loss: 0.49257249      Time/Epoch(s): 0.0417
01:56:37      Epoch: 78000      Loss: 0.49303880      Time/Epoch(s): 0.0445
01:57:20      Epoch: 79000      Loss: 0.50338894      Time/Epoch(s): 0.0418
01:58:03      Epoch: 80000      Loss: 0.50188673      Time/Epoch(s): 0.0450
01:58:46      Epoch: 81000      Loss: 0.50079143      Time/Epoch(s): 0.0424
01:59:29      Epoch: 82000      Loss: 0.49283135      Time/Epoch(s): 0.0452
02:00:12      Epoch: 83000      Loss: 0.50999981      Time/Epoch(s): 0.0422
02:00:55      Epoch: 84000      Loss: 0.49403951      Time/Epoch(s): 0.0453
02:01:38      Epoch: 85000      Loss: 0.48845226      Time/Epoch(s): 0.0418
02:02:21      Epoch: 86000      Loss: 0.50135994      Time/Epoch(s): 0.0415
02:03:05      Epoch: 87000      Loss: 0.50142813      Time/Epoch(s): 0.0450
02:03:48      Epoch: 88000      Loss: 0.50402427      Time/Epoch(s): 0.0410
02:04:31      Epoch: 89000      Loss: 0.48683813      Time/Epoch(s): 0.0455
02:05:14      Epoch: 90000      Loss: 0.49209306      Time/Epoch(s): 0.0446
02:05:57      Epoch: 91000      Loss: 0.48705322      Time/Epoch(s): 0.0460
02:06:40      Epoch: 92000      Loss: 0.49455810      Time/Epoch(s): 0.0414
02:07:23      Epoch: 93000      Loss: 0.49221846      Time/Epoch(s): 0.0458
02:08:07      Epoch: 94000      Loss: 0.48877603      Time/Epoch(s): 0.0453
02:08:50      Epoch: 95000      Loss: 0.49750856      Time/Epoch(s): 0.0414
02:09:33      Epoch: 96000      Loss: 0.50308216      Time/Epoch(s): 0.0442
02:10:16      Epoch: 97000      Loss: 0.50517714      Time/Epoch(s): 0.0410
02:11:00      Epoch: 98000      Loss: 0.49918085      Time/Epoch(s): 0.0447
02:11:43      Epoch: 99000      Loss: 0.49495274      Time/Epoch(s): 0.0421
02:12:26      Epoch: 100000      Loss: 0.48935232      Time/Epoch(s): 0.0419
02:13:09      Epoch: 101000      Loss: 0.49652210      Time/Epoch(s): 0.0455
02:13:52      Epoch: 102000      Loss: 0.49469262      Time/Epoch(s): 0.0419
02:14:35      Epoch: 103000      Loss: 0.49591389      Time/Epoch(s): 0.0416
02:15:18      Epoch: 104000      Loss: 0.49955970      Time/Epoch(s): 0.0412
02:16:02      Epoch: 105000      Loss: 0.49586496      Time/Epoch(s): 0.0414
02:16:45      Epoch: 106000      Loss: 0.48897436      Time/Epoch(s): 0.0449
02:17:28      Epoch: 107000      Loss: 0.48805642      Time/Epoch(s): 0.0415
02:18:11      Epoch: 108000      Loss: 0.48104417      Time/Epoch(s): 0.0406
02:18:54      Epoch: 109000      Loss: 0.49816275      Time/Epoch(s): 0.0456
02:19:38      Epoch: 110000      Loss: 0.48360789      Time/Epoch(s): 0.1239
02:20:21      Epoch: 111000      Loss: 0.49383587      Time/Epoch(s): 0.0420
02:21:04      Epoch: 112000      Loss: 0.49459955      Time/Epoch(s): 0.0449
02:21:47      Epoch: 113000      Loss: 0.48542425      Time/Epoch(s): 0.0419
02:22:31      Epoch: 114000      Loss: 0.49580222      Time/Epoch(s): 0.0408
02:23:14      Epoch: 115000      Loss: 0.50001848      Time/Epoch(s): 0.0455
02:23:57      Epoch: 116000      Loss: 0.49792531      Time/Epoch(s): 0.0411
02:24:40      Epoch: 117000      Loss: 0.48787516      Time/Epoch(s): 0.0451
02:25:24      Epoch: 118000      Loss: 0.48777649      Time/Epoch(s): 0.0448
02:26:07      Epoch: 119000      Loss: 0.48033598      Time/Epoch(s): 0.0441
02:26:50      Epoch: 120000      Loss: 0.50135672      Time/Epoch(s): 0.0414
02:27:33      Epoch: 121000      Loss: 0.49517676      Time/Epoch(s): 0.0408
02:28:17      Epoch: 122000      Loss: 0.49660838      Time/Epoch(s): 0.0425
02:29:00      Epoch: 123000      Loss: 0.49167061      Time/Epoch(s): 0.0441
02:29:43      Epoch: 124000      Loss: 0.49824685      Time/Epoch(s): 0.0412
02:30:26      Epoch: 125000      Loss: 0.48559359      Time/Epoch(s): 0.0410
02:31:09      Epoch: 126000      Loss: 0.48656279      Time/Epoch(s): 0.0458
02:31:52      Epoch: 127000      Loss: 0.49417830      Time/Epoch(s): 0.0415
02:32:35      Epoch: 128000      Loss: 0.49340308      Time/Epoch(s): 0.0408
02:33:18      Epoch: 129000      Loss: 0.48537615      Time/Epoch(s): 0.0424
02:34:01      Epoch: 130000      Loss: 0.51073831      Time/Epoch(s): 0.0450
02:34:44      Epoch: 131000      Loss: 0.49153158      Time/Epoch(s): 0.0453
02:35:28      Epoch: 132000      Loss: 0.50220442      Time/Epoch(s): 0.0417
02:36:11      Epoch: 133000      Loss: 0.50289696      Time/Epoch(s): 0.0453
02:36:54      Epoch: 134000      Loss: 0.49122110      Time/Epoch(s): 0.0418
02:37:37      Epoch: 135000      Loss: 0.50035661      Time/Epoch(s): 0.0452
02:38:20      Epoch: 136000      Loss: 0.49678880      Time/Epoch(s): 0.0460
02:39:03      Epoch: 137000      Loss: 0.50355655      Time/Epoch(s): 0.0417
02:39:46      Epoch: 138000      Loss: 0.49873954      Time/Epoch(s): 0.0451
02:40:29      Epoch: 139000      Loss: 0.48605448      Time/Epoch(s): 0.0454
02:41:13      Epoch: 140000      Loss: 0.49377623      Time/Epoch(s): 0.0411
02:41:56      Epoch: 141000      Loss: 0.48877922      Time/Epoch(s): 0.0434
02:42:39      Epoch: 142000      Loss: 0.50595272      Time/Epoch(s): 0.0449
02:43:22      Epoch: 143000      Loss: 0.49499643      Time/Epoch(s): 0.0421
02:44:05      Epoch: 144000      Loss: 0.49751064      Time/Epoch(s): 0.0444
02:44:48      Epoch: 145000      Loss: 0.50054389      Time/Epoch(s): 0.0451
02:45:31      Epoch: 146000      Loss: 0.49507144      Time/Epoch(s): 0.0442
02:46:14      Epoch: 147000      Loss: 0.49790525      Time/Epoch(s): 0.0456
02:46:58      Epoch: 148000      Loss: 0.49162102      Time/Epoch(s): 0.0452
02:47:41      Epoch: 149000      Loss: 0.49214336      Time/Epoch(s): 0.0426
02:48:24      Epoch: 150000      Loss: 0.49147457      Time/Epoch(s): 0.0407
02:49:07      Epoch: 151000      Loss: 0.48528409      Time/Epoch(s): 0.0413
02:49:50      Epoch: 152000      Loss: 0.49351606      Time/Epoch(s): 0.0409
02:50:34      Epoch: 153000      Loss: 0.49687278      Time/Epoch(s): 0.0408
02:51:17      Epoch: 154000      Loss: 0.49675542      Time/Epoch(s): 0.0415
02:52:00      Epoch: 155000      Loss: 0.50679600      Time/Epoch(s): 0.0423
02:52:44      Epoch: 156000      Loss: 0.51052284      Time/Epoch(s): 0.0447
02:53:27      Epoch: 157000      Loss: 0.49740317      Time/Epoch(s): 0.0416
02:54:10      Epoch: 158000      Loss: 0.48710275      Time/Epoch(s): 0.0403
02:54:53      Epoch: 159000      Loss: 0.50340474      Time/Epoch(s): 0.0445
02:55:36      Epoch: 160000      Loss: 0.48672631      Time/Epoch(s): 0.0437
02:56:19      Epoch: 161000      Loss: 0.49433452      Time/Epoch(s): 0.0420
02:57:02      Epoch: 162000      Loss: 0.51534003      Time/Epoch(s): 0.0409
02:57:45      Epoch: 163000      Loss: 0.49617851      Time/Epoch(s): 0.0423
02:58:29      Epoch: 164000      Loss: 0.48736835      Time/Epoch(s): 0.0412
02:59:12      Epoch: 165000      Loss: 0.48757607      Time/Epoch(s): 0.0411
02:59:55      Epoch: 166000      Loss: 0.48812556      Time/Epoch(s): 0.0443
03:00:38      Epoch: 167000      Loss: 0.48940137      Time/Epoch(s): 0.0428
03:01:21      Epoch: 168000      Loss: 0.48564282      Time/Epoch(s): 0.0462
03:02:04      Epoch: 169000      Loss: 0.48349053      Time/Epoch(s): 0.0424
03:02:47      Epoch: 170000      Loss: 0.50024927      Time/Epoch(s): 0.0441
03:03:30      Epoch: 171000      Loss: 0.49031237      Time/Epoch(s): 0.0416
03:04:13      Epoch: 172000      Loss: 0.50077116      Time/Epoch(s): 0.0404
03:04:56      Epoch: 173000      Loss: 0.49244902      Time/Epoch(s): 0.0425
03:05:39      Epoch: 174000      Loss: 0.49106452      Time/Epoch(s): 0.0416
03:06:22      Epoch: 175000      Loss: 0.48565495      Time/Epoch(s): 0.0455
03:07:06      Epoch: 176000      Loss: 0.48545915      Time/Epoch(s): 0.0462
03:07:49      Epoch: 177000      Loss: 0.47705746      Time/Epoch(s): 0.0415
03:08:32      Epoch: 178000      Loss: 0.49524596      Time/Epoch(s): 0.0448
03:09:15      Epoch: 179000      Loss: 0.48964718      Time/Epoch(s): 0.0412
03:09:58      Epoch: 180000      Loss: 0.48543781      Time/Epoch(s): 0.0408
03:10:41      Epoch: 181000      Loss: 0.49590045      Time/Epoch(s): 0.0416
03:11:24      Epoch: 182000      Loss: 0.48143560      Time/Epoch(s): 0.0415
03:12:07      Epoch: 183000      Loss: 0.49184808      Time/Epoch(s): 0.0434
03:12:50      Epoch: 184000      Loss: 0.49020907      Time/Epoch(s): 0.0452
03:13:34      Epoch: 185000      Loss: 0.49371064      Time/Epoch(s): 0.0452
03:14:17      Epoch: 186000      Loss: 0.49666452      Time/Epoch(s): 0.0418
03:15:00      Epoch: 187000      Loss: 0.49484137      Time/Epoch(s): 0.0434
03:15:43      Epoch: 188000      Loss: 0.48535872      Time/Epoch(s): 0.0459
03:16:26      Epoch: 189000      Loss: 0.49996972      Time/Epoch(s): 0.0409
03:17:09      Epoch: 190000      Loss: 0.49693054      Time/Epoch(s): 0.0415
03:17:52      Epoch: 191000      Loss: 0.49235910      Time/Epoch(s): 0.0413
03:18:35      Epoch: 192000      Loss: 0.50225669      Time/Epoch(s): 0.0414
03:19:18      Epoch: 193000      Loss: 0.50431091      Time/Epoch(s): 0.0418
03:20:02      Epoch: 194000      Loss: 0.48918888      Time/Epoch(s): 0.0438
03:20:46      Epoch: 195000      Loss: 0.49921548      Time/Epoch(s): 0.0459
03:21:29      Epoch: 196000      Loss: 0.50026685      Time/Epoch(s): 0.0454
03:22:12      Epoch: 197000      Loss: 0.48278990      Time/Epoch(s): 0.0459
03:22:55      Epoch: 198000      Loss: 0.49302959      Time/Epoch(s): 0.0455
03:23:38      Epoch: 199000      Loss: 0.49845070      Time/Epoch(s): 0.0418
03:24:21      Epoch: 199999      Loss: 0.50325984      Time/Epoch(s): 0.0449
Clipping input data to the valid range for imshow with RGB data ([0..1] for floats or [0..255] for integers).
