
############# Contextual Self-Modulation #############

Jax version: 0.4.35
Available devices: [CudaDevice(id=0)]

############# Pied Piper Video Compression #############

Jax version: 0.4.35
Available devices: [CudaDevice(id=0)]
Created a new run folder at: ./runs/241226-024907/
Completed copied scripts 
Created a new adaptation folder at: ./runs/241226-024907/adapt/
Created a new checkpoints folder at: ./runs/241226-024907/checkpoints/
/home/gb21553/miniconda3/envs/jax/lib/python3.12/multiprocessing/popen_fork.py:66: RuntimeWarning: os.fork() was called. os.fork() is incompatible with multithreaded code, and JAX is multithreaded, so this will likely lead to a deadlock.
  self.pid = os.fork()
Number of learnable parameters in the model: 360.8 k
====================================================

02:49:28      Epoch:   0      Loss: 0.89238983      Time/Epoch(s): 14.9834
/home/gb21553/miniconda3/envs/jax/lib/python3.12/multiprocessing/popen_fork.py:66: RuntimeWarning: os.fork() was called. os.fork() is incompatible with multithreaded code, and JAX is multithreaded, so this will likely lead to a deadlock.
  self.pid = os.fork()
    Validation loss: 0.1298922598361969
    Best model saved at epoch 0 with validation loss: 0.1298922598361969
/home/gb21553/miniconda3/envs/jax/lib/python3.12/multiprocessing/popen_fork.py:66: RuntimeWarning: os.fork() was called. os.fork() is incompatible with multithreaded code, and JAX is multithreaded, so this will likely lead to a deadlock.
  self.pid = os.fork()
02:50:43      Epoch:  10      Loss: 0.78934842      Time/Epoch(s): 6.5696
02:51:48      Epoch:  20      Loss: 0.73653775      Time/Epoch(s): 6.5500
02:52:54      Epoch:  30      Loss: 0.70415741      Time/Epoch(s): 6.5976
02:54:01      Epoch:  40      Loss: 0.68381035      Time/Epoch(s): 6.6563
    Validation loss: 0.06091746315360069
    Best model saved at epoch 40 with validation loss: 0.06091746315360069
/home/gb21553/miniconda3/envs/jax/lib/python3.12/multiprocessing/popen_fork.py:66: RuntimeWarning: os.fork() was called. os.fork() is incompatible with multithreaded code, and JAX is multithreaded, so this will likely lead to a deadlock.
  self.pid = os.fork()
02:55:14      Epoch:  50      Loss: 0.67389917      Time/Epoch(s): 6.6115
02:56:19      Epoch:  60      Loss: 0.66838878      Time/Epoch(s): 6.5367
02:57:26      Epoch:  70      Loss: 0.66333008      Time/Epoch(s): 6.5920
02:58:31      Epoch:  80      Loss: 0.65678132      Time/Epoch(s): 6.5531
    Validation loss: 0.0558125339448452
    Best model saved at epoch 80 with validation loss: 0.0558125339448452
/home/gb21553/miniconda3/envs/jax/lib/python3.12/multiprocessing/popen_fork.py:66: RuntimeWarning: os.fork() was called. os.fork() is incompatible with multithreaded code, and JAX is multithreaded, so this will likely lead to a deadlock.
  self.pid = os.fork()
02:59:45      Epoch:  90      Loss: 0.64074928      Time/Epoch(s): 6.6689
03:00:51      Epoch: 100      Loss: 0.63043201      Time/Epoch(s): 6.6254
03:01:58      Epoch: 110      Loss: 0.61660099      Time/Epoch(s): 6.6210
03:03:04      Epoch: 120      Loss: 0.60482192      Time/Epoch(s): 6.6476
    Validation loss: 0.051944468170404434
    Best model saved at epoch 120 with validation loss: 0.051944468170404434
/home/gb21553/miniconda3/envs/jax/lib/python3.12/multiprocessing/popen_fork.py:66: RuntimeWarning: os.fork() was called. os.fork() is incompatible with multithreaded code, and JAX is multithreaded, so this will likely lead to a deadlock.
  self.pid = os.fork()
03:04:18      Epoch: 130      Loss: 0.59144002      Time/Epoch(s): 6.6754
03:05:24      Epoch: 140      Loss: 0.58591342      Time/Epoch(s): 6.6407
03:06:30      Epoch: 150      Loss: 0.73208356      Time/Epoch(s): 6.6215
03:07:37      Epoch: 160      Loss: 0.65035808      Time/Epoch(s): 6.7359
    Validation loss: 0.062271103262901306
/home/gb21553/miniconda3/envs/jax/lib/python3.12/multiprocessing/popen_fork.py:66: RuntimeWarning: os.fork() was called. os.fork() is incompatible with multithreaded code, and JAX is multithreaded, so this will likely lead to a deadlock.
  self.pid = os.fork()
03:08:50      Epoch: 170      Loss: 0.61159045      Time/Epoch(s): 6.6502
03:09:57      Epoch: 180      Loss: 0.59929234      Time/Epoch(s): 6.6027
03:11:03      Epoch: 190      Loss: 0.59895825      Time/Epoch(s): 6.7344
03:12:09      Epoch: 200      Loss: 0.58909816      Time/Epoch(s): 6.6602
    Validation loss: 0.05199287086725235
/home/gb21553/miniconda3/envs/jax/lib/python3.12/multiprocessing/popen_fork.py:66: RuntimeWarning: os.fork() was called. os.fork() is incompatible with multithreaded code, and JAX is multithreaded, so this will likely lead to a deadlock.
  self.pid = os.fork()
03:13:23      Epoch: 210      Loss: 0.58329725      Time/Epoch(s): 6.6197
03:14:29      Epoch: 220      Loss: 0.57850850      Time/Epoch(s): 6.7802
03:15:36      Epoch: 230      Loss: 0.57650721      Time/Epoch(s): 6.6865
03:16:42      Epoch: 240      Loss: 0.56114519      Time/Epoch(s): 6.6275
    Validation loss: 0.0446811206638813
    Best model saved at epoch 240 with validation loss: 0.0446811206638813
/home/gb21553/miniconda3/envs/jax/lib/python3.12/multiprocessing/popen_fork.py:66: RuntimeWarning: os.fork() was called. os.fork() is incompatible with multithreaded code, and JAX is multithreaded, so this will likely lead to a deadlock.
  self.pid = os.fork()
03:17:55      Epoch: 250      Loss: 0.74803066      Time/Epoch(s): 6.6184
03:19:02      Epoch: 260      Loss: 0.68626684      Time/Epoch(s): 6.5536
03:20:08      Epoch: 270      Loss: 0.67078221      Time/Epoch(s): 6.6306
03:21:14      Epoch: 280      Loss: 0.65697396      Time/Epoch(s): 6.6190
    Validation loss: 0.05862243473529816
/home/gb21553/miniconda3/envs/jax/lib/python3.12/multiprocessing/popen_fork.py:66: RuntimeWarning: os.fork() was called. os.fork() is incompatible with multithreaded code, and JAX is multithreaded, so this will likely lead to a deadlock.
  self.pid = os.fork()
03:22:28      Epoch: 290      Loss: 0.64232624      Time/Epoch(s): 6.5646
03:23:34      Epoch: 300      Loss: 0.62780499      Time/Epoch(s): 6.6057
03:24:41      Epoch: 310      Loss: 0.61845046      Time/Epoch(s): 6.6139
03:25:47      Epoch: 320      Loss: 0.60834789      Time/Epoch(s): 6.6555
    Validation loss: 0.05417371913790703
/home/gb21553/miniconda3/envs/jax/lib/python3.12/multiprocessing/popen_fork.py:66: RuntimeWarning: os.fork() was called. os.fork() is incompatible with multithreaded code, and JAX is multithreaded, so this will likely lead to a deadlock.
  self.pid = os.fork()
03:27:01      Epoch: 330      Loss: 0.60053086      Time/Epoch(s): 6.7049
03:28:07      Epoch: 340      Loss: 0.59657288      Time/Epoch(s): 6.6739
03:29:14      Epoch: 350      Loss: 0.59058887      Time/Epoch(s): 6.6576
03:30:20      Epoch: 360      Loss: 0.58206648      Time/Epoch(s): 6.6776
    Validation loss: 0.05016328766942024
/home/gb21553/miniconda3/envs/jax/lib/python3.12/multiprocessing/popen_fork.py:66: RuntimeWarning: os.fork() was called. os.fork() is incompatible with multithreaded code, and JAX is multithreaded, so this will likely lead to a deadlock.
  self.pid = os.fork()
03:31:34      Epoch: 370      Loss: 0.56976366      Time/Epoch(s): 6.5239
03:32:40      Epoch: 380      Loss: 0.53809649      Time/Epoch(s): 6.5644
03:33:47      Epoch: 390      Loss: 0.47895354      Time/Epoch(s): 6.6633
03:34:54      Epoch: 400      Loss: 0.44346568      Time/Epoch(s): 6.6419
    Validation loss: 0.031381115317344666
    Best model saved at epoch 400 with validation loss: 0.031381115317344666
/home/gb21553/miniconda3/envs/jax/lib/python3.12/multiprocessing/popen_fork.py:66: RuntimeWarning: os.fork() was called. os.fork() is incompatible with multithreaded code, and JAX is multithreaded, so this will likely lead to a deadlock.
  self.pid = os.fork()
03:36:08      Epoch: 410      Loss: 0.41518822      Time/Epoch(s): 6.7356
03:37:14      Epoch: 420      Loss: 0.40258610      Time/Epoch(s): 6.6841
03:38:21      Epoch: 430      Loss: 0.37325165      Time/Epoch(s): 6.6521
03:39:27      Epoch: 440      Loss: 0.35695073      Time/Epoch(s): 6.6234
    Validation loss: 0.022362081333994865
    Best model saved at epoch 440 with validation loss: 0.022362081333994865
/home/gb21553/miniconda3/envs/jax/lib/python3.12/multiprocessing/popen_fork.py:66: RuntimeWarning: os.fork() was called. os.fork() is incompatible with multithreaded code, and JAX is multithreaded, so this will likely lead to a deadlock.
  self.pid = os.fork()
03:40:41      Epoch: 450      Loss: 0.34252465      Time/Epoch(s): 6.6843
03:41:48      Epoch: 460      Loss: 0.32762697      Time/Epoch(s): 6.6930
03:42:54      Epoch: 470      Loss: 0.31771317      Time/Epoch(s): 6.7049
03:44:00      Epoch: 480      Loss: 0.30769578      Time/Epoch(s): 6.6480
    Validation loss: 0.01908104680478573
    Best model saved at epoch 480 with validation loss: 0.01908104680478573
/home/gb21553/miniconda3/envs/jax/lib/python3.12/multiprocessing/popen_fork.py:66: RuntimeWarning: os.fork() was called. os.fork() is incompatible with multithreaded code, and JAX is multithreaded, so this will likely lead to a deadlock.
  self.pid = os.fork()
03:45:14      Epoch: 490      Loss: 0.30231252      Time/Epoch(s): 6.5705
03:46:20      Epoch: 500      Loss: 0.28938705      Time/Epoch(s): 6.5637
03:47:27      Epoch: 510      Loss: 0.28352261      Time/Epoch(s): 6.6953
03:48:34      Epoch: 520      Loss: 0.27452332      Time/Epoch(s): 6.6151
    Validation loss: 0.01735006645321846
    Best model saved at epoch 520 with validation loss: 0.01735006645321846
/home/gb21553/miniconda3/envs/jax/lib/python3.12/multiprocessing/popen_fork.py:66: RuntimeWarning: os.fork() was called. os.fork() is incompatible with multithreaded code, and JAX is multithreaded, so this will likely lead to a deadlock.
  self.pid = os.fork()
03:49:47      Epoch: 530      Loss: 0.27076963      Time/Epoch(s): 6.7089
03:50:54      Epoch: 540      Loss: 0.26067287      Time/Epoch(s): 6.6604
03:52:00      Epoch: 550      Loss: 0.25924158      Time/Epoch(s): 6.6363
03:53:07      Epoch: 560      Loss: 0.24594077      Time/Epoch(s): 6.6133
    Validation loss: 0.0161085594445467
    Best model saved at epoch 560 with validation loss: 0.0161085594445467
/home/gb21553/miniconda3/envs/jax/lib/python3.12/multiprocessing/popen_fork.py:66: RuntimeWarning: os.fork() was called. os.fork() is incompatible with multithreaded code, and JAX is multithreaded, so this will likely lead to a deadlock.
  self.pid = os.fork()
03:54:20      Epoch: 570      Loss: 0.23678944      Time/Epoch(s): 6.7209
03:55:27      Epoch: 580      Loss: 0.22295597      Time/Epoch(s): 6.6951
03:56:34      Epoch: 590      Loss: 0.21899082      Time/Epoch(s): 6.6202
03:57:40      Epoch: 600      Loss: 0.21897699      Time/Epoch(s): 6.6615
    Validation loss: 0.014475084841251373
    Best model saved at epoch 600 with validation loss: 0.014475084841251373
/home/gb21553/miniconda3/envs/jax/lib/python3.12/multiprocessing/popen_fork.py:66: RuntimeWarning: os.fork() was called. os.fork() is incompatible with multithreaded code, and JAX is multithreaded, so this will likely lead to a deadlock.
  self.pid = os.fork()
03:58:54      Epoch: 610      Loss: 0.21979320      Time/Epoch(s): 6.6666
04:00:00      Epoch: 620      Loss: 0.20554692      Time/Epoch(s): 6.6631
04:01:06      Epoch: 630      Loss: 0.20054418      Time/Epoch(s): 6.6053
04:02:13      Epoch: 640      Loss: 0.19591556      Time/Epoch(s): 6.6230
    Validation loss: 0.013943738304078579
    Best model saved at epoch 640 with validation loss: 0.013943738304078579
/home/gb21553/miniconda3/envs/jax/lib/python3.12/multiprocessing/popen_fork.py:66: RuntimeWarning: os.fork() was called. os.fork() is incompatible with multithreaded code, and JAX is multithreaded, so this will likely lead to a deadlock.
  self.pid = os.fork()
04:03:27      Epoch: 650      Loss: 0.19277751      Time/Epoch(s): 6.7235
04:04:34      Epoch: 660      Loss: 0.18703943      Time/Epoch(s): 6.6879
04:05:41      Epoch: 670      Loss: 0.18314937      Time/Epoch(s): 6.6911
04:06:48      Epoch: 680      Loss: 0.17786656      Time/Epoch(s): 6.7239
    Validation loss: 0.013166682794690132
    Best model saved at epoch 680 with validation loss: 0.013166682794690132
/home/gb21553/miniconda3/envs/jax/lib/python3.12/multiprocessing/popen_fork.py:66: RuntimeWarning: os.fork() was called. os.fork() is incompatible with multithreaded code, and JAX is multithreaded, so this will likely lead to a deadlock.
  self.pid = os.fork()
04:08:02      Epoch: 690      Loss: 0.17200564      Time/Epoch(s): 6.7573
04:09:09      Epoch: 700      Loss: 0.16387516      Time/Epoch(s): 6.7574
04:10:17      Epoch: 710      Loss: 0.16160229      Time/Epoch(s): 6.6764
04:11:24      Epoch: 720      Loss: 0.15666468      Time/Epoch(s): 6.7713
    Validation loss: 0.012451278045773506
    Best model saved at epoch 720 with validation loss: 0.012451278045773506
/home/gb21553/miniconda3/envs/jax/lib/python3.12/multiprocessing/popen_fork.py:66: RuntimeWarning: os.fork() was called. os.fork() is incompatible with multithreaded code, and JAX is multithreaded, so this will likely lead to a deadlock.
  self.pid = os.fork()
04:12:38      Epoch: 730      Loss: 0.15112577      Time/Epoch(s): 6.7562
04:13:46      Epoch: 740      Loss: 0.14893036      Time/Epoch(s): 6.7178
04:14:53      Epoch: 750      Loss: 0.13839802      Time/Epoch(s): 6.7218
04:16:01      Epoch: 760      Loss: 0.13395058      Time/Epoch(s): 6.7516
    Validation loss: 0.011958109214901924
    Best model saved at epoch 760 with validation loss: 0.011958109214901924
/home/gb21553/miniconda3/envs/jax/lib/python3.12/multiprocessing/popen_fork.py:66: RuntimeWarning: os.fork() was called. os.fork() is incompatible with multithreaded code, and JAX is multithreaded, so this will likely lead to a deadlock.
  self.pid = os.fork()
04:17:15      Epoch: 770      Loss: 0.13220055      Time/Epoch(s): 6.7434
04:18:22      Epoch: 780      Loss: 0.13790318      Time/Epoch(s): 6.7272
04:19:30      Epoch: 790      Loss: 0.13549504      Time/Epoch(s): 6.8311
04:20:37      Epoch: 800      Loss: 0.12360404      Time/Epoch(s): 6.6915
    Validation loss: 0.01144081074744463
    Best model saved at epoch 800 with validation loss: 0.01144081074744463
/home/gb21553/miniconda3/envs/jax/lib/python3.12/multiprocessing/popen_fork.py:66: RuntimeWarning: os.fork() was called. os.fork() is incompatible with multithreaded code, and JAX is multithreaded, so this will likely lead to a deadlock.
  self.pid = os.fork()
04:21:52      Epoch: 810      Loss: 0.11533399      Time/Epoch(s): 6.7689
04:22:59      Epoch: 820      Loss: 0.11231686      Time/Epoch(s): 6.6631
04:24:07      Epoch: 830      Loss: 0.11019414      Time/Epoch(s): 6.8122
04:25:15      Epoch: 840      Loss: 0.10072648      Time/Epoch(s): 6.8418
    Validation loss: 0.010881577618420124
    Best model saved at epoch 840 with validation loss: 0.010881577618420124
/home/gb21553/miniconda3/envs/jax/lib/python3.12/multiprocessing/popen_fork.py:66: RuntimeWarning: os.fork() was called. os.fork() is incompatible with multithreaded code, and JAX is multithreaded, so this will likely lead to a deadlock.
  self.pid = os.fork()
04:26:29      Epoch: 850      Loss: 0.10289950      Time/Epoch(s): 6.8098
04:27:37      Epoch: 860      Loss: 0.08639767      Time/Epoch(s): 6.8941
04:28:44      Epoch: 870      Loss: 0.08934146      Time/Epoch(s): 6.7588
04:29:52      Epoch: 880      Loss: 0.62578148      Time/Epoch(s): 6.7174
    Validation loss: 0.04184511676430702
/home/gb21553/miniconda3/envs/jax/lib/python3.12/multiprocessing/popen_fork.py:66: RuntimeWarning: os.fork() was called. os.fork() is incompatible with multithreaded code, and JAX is multithreaded, so this will likely lead to a deadlock.
  self.pid = os.fork()
04:31:06      Epoch: 890      Loss: 0.39607492      Time/Epoch(s): 6.7462
04:32:14      Epoch: 900      Loss: 0.25739184      Time/Epoch(s): 6.9232
04:33:22      Epoch: 910      Loss: 0.21997832      Time/Epoch(s): 6.7396
04:34:29      Epoch: 920      Loss: 0.18796769      Time/Epoch(s): 6.7668
    Validation loss: 0.013740009628236294
/home/gb21553/miniconda3/envs/jax/lib/python3.12/multiprocessing/popen_fork.py:66: RuntimeWarning: os.fork() was called. os.fork() is incompatible with multithreaded code, and JAX is multithreaded, so this will likely lead to a deadlock.
  self.pid = os.fork()
04:35:43      Epoch: 930      Loss: 0.17006974      Time/Epoch(s): 6.7993
04:36:51      Epoch: 940      Loss: 0.15470426      Time/Epoch(s): 6.7225
04:37:58      Epoch: 950      Loss: 0.14234272      Time/Epoch(s): 6.7690
04:39:05      Epoch: 960      Loss: 0.13471690      Time/Epoch(s): 6.8258
    Validation loss: 0.011853768490254879
/home/gb21553/miniconda3/envs/jax/lib/python3.12/multiprocessing/popen_fork.py:66: RuntimeWarning: os.fork() was called. os.fork() is incompatible with multithreaded code, and JAX is multithreaded, so this will likely lead to a deadlock.
  self.pid = os.fork()
04:40:20      Epoch: 970      Loss: 0.12311364      Time/Epoch(s): 6.7290
04:41:28      Epoch: 980      Loss: 0.12191875      Time/Epoch(s): 6.6753
04:42:35      Epoch: 990      Loss: 0.11388101      Time/Epoch(s): 6.7998
04:43:43      Epoch: 1000      Loss: 0.10383663      Time/Epoch(s): 6.7810
    Validation loss: 0.010816380381584167
    Best model saved at epoch 1000 with validation loss: 0.010816380381584167
/home/gb21553/miniconda3/envs/jax/lib/python3.12/multiprocessing/popen_fork.py:66: RuntimeWarning: os.fork() was called. os.fork() is incompatible with multithreaded code, and JAX is multithreaded, so this will likely lead to a deadlock.
  self.pid = os.fork()
04:44:58      Epoch: 1010      Loss: 0.10316803      Time/Epoch(s): 6.7411
04:46:06      Epoch: 1020      Loss: 0.09192748      Time/Epoch(s): 6.8113
04:47:14      Epoch: 1030      Loss: 0.08939099      Time/Epoch(s): 6.7527
04:48:21      Epoch: 1040      Loss: 0.07979249      Time/Epoch(s): 6.7908
    Validation loss: 0.010280202142894268
    Best model saved at epoch 1040 with validation loss: 0.010280202142894268
/home/gb21553/miniconda3/envs/jax/lib/python3.12/multiprocessing/popen_fork.py:66: RuntimeWarning: os.fork() was called. os.fork() is incompatible with multithreaded code, and JAX is multithreaded, so this will likely lead to a deadlock.
  self.pid = os.fork()
04:49:36      Epoch: 1050      Loss: 0.07209849      Time/Epoch(s): 6.7901
04:50:44      Epoch: 1060      Loss: 0.06468093      Time/Epoch(s): 6.7601
04:51:52      Epoch: 1070      Loss: 0.06153702      Time/Epoch(s): 6.7141
04:53:00      Epoch: 1080      Loss: 0.05277991      Time/Epoch(s): 6.8357
    Validation loss: 0.009504471905529499
    Best model saved at epoch 1080 with validation loss: 0.009504471905529499
/home/gb21553/miniconda3/envs/jax/lib/python3.12/multiprocessing/popen_fork.py:66: RuntimeWarning: os.fork() was called. os.fork() is incompatible with multithreaded code, and JAX is multithreaded, so this will likely lead to a deadlock.
  self.pid = os.fork()
04:54:14      Epoch: 1090      Loss: 0.04678380      Time/Epoch(s): 6.7655
04:55:22      Epoch: 1100      Loss: 0.04494011      Time/Epoch(s): 6.7745
04:56:30      Epoch: 1110      Loss: 0.28061202      Time/Epoch(s): 6.7526
04:57:38      Epoch: 1120      Loss: 0.20709386      Time/Epoch(s): 6.7652
    Validation loss: 0.014075014740228653
/home/gb21553/miniconda3/envs/jax/lib/python3.12/multiprocessing/popen_fork.py:66: RuntimeWarning: os.fork() was called. os.fork() is incompatible with multithreaded code, and JAX is multithreaded, so this will likely lead to a deadlock.
  self.pid = os.fork()
04:58:52      Epoch: 1130      Loss: 0.18870157      Time/Epoch(s): 6.7372
05:00:00      Epoch: 1140      Loss: 0.17195286      Time/Epoch(s): 6.7595
05:01:07      Epoch: 1150      Loss: 0.14384164      Time/Epoch(s): 6.7266
05:02:15      Epoch: 1160      Loss: 0.11140984      Time/Epoch(s): 6.8055
    Validation loss: 0.011394258588552475
/home/gb21553/miniconda3/envs/jax/lib/python3.12/multiprocessing/popen_fork.py:66: RuntimeWarning: os.fork() was called. os.fork() is incompatible with multithreaded code, and JAX is multithreaded, so this will likely lead to a deadlock.
  self.pid = os.fork()
05:03:30      Epoch: 1170      Loss: 0.08465527      Time/Epoch(s): 6.7808
05:04:38      Epoch: 1180      Loss: 0.06810285      Time/Epoch(s): 6.7529
05:05:46      Epoch: 1190      Loss: 0.05950459      Time/Epoch(s): 6.7987
05:06:54      Epoch: 1200      Loss: 0.05213381      Time/Epoch(s): 6.8518
    Validation loss: 0.00943722017109394
    Best model saved at epoch 1200 with validation loss: 0.00943722017109394
/home/gb21553/miniconda3/envs/jax/lib/python3.12/multiprocessing/popen_fork.py:66: RuntimeWarning: os.fork() was called. os.fork() is incompatible with multithreaded code, and JAX is multithreaded, so this will likely lead to a deadlock.
  self.pid = os.fork()
05:08:08      Epoch: 1210      Loss: 0.04273097      Time/Epoch(s): 6.8525
05:09:16      Epoch: 1220      Loss: 0.03906542      Time/Epoch(s): 6.7496
05:10:24      Epoch: 1230      Loss: 0.02910777      Time/Epoch(s): 6.8158
05:11:32      Epoch: 1240      Loss: 0.02530976      Time/Epoch(s): 7.0341
    Validation loss: 0.009014864452183247
    Best model saved at epoch 1240 with validation loss: 0.009014864452183247
/home/gb21553/miniconda3/envs/jax/lib/python3.12/multiprocessing/popen_fork.py:66: RuntimeWarning: os.fork() was called. os.fork() is incompatible with multithreaded code, and JAX is multithreaded, so this will likely lead to a deadlock.
  self.pid = os.fork()
05:12:47      Epoch: 1250      Loss: 0.02239270      Time/Epoch(s): 6.7803
05:13:55      Epoch: 1260      Loss: 0.01491916      Time/Epoch(s): 6.8023
05:15:02      Epoch: 1270      Loss: 0.01133515      Time/Epoch(s): 6.7022
05:16:10      Epoch: 1280      Loss: 0.00857927      Time/Epoch(s): 6.7856
    Validation loss: 0.008560544811189175
    Best model saved at epoch 1280 with validation loss: 0.008560544811189175
/home/gb21553/miniconda3/envs/jax/lib/python3.12/multiprocessing/popen_fork.py:66: RuntimeWarning: os.fork() was called. os.fork() is incompatible with multithreaded code, and JAX is multithreaded, so this will likely lead to a deadlock.
  self.pid = os.fork()
05:17:25      Epoch: 1290      Loss: 0.00526049      Time/Epoch(s): 6.8213
05:18:34      Epoch: 1300      Loss: -0.00185197      Time/Epoch(s): 6.8393
05:19:42      Epoch: 1310      Loss: -0.00194994      Time/Epoch(s): 6.7806
05:20:50      Epoch: 1320      Loss: -0.00423759      Time/Epoch(s): 6.7610
    Validation loss: 0.008299299515783787
    Best model saved at epoch 1320 with validation loss: 0.008299299515783787
/home/gb21553/miniconda3/envs/jax/lib/python3.12/multiprocessing/popen_fork.py:66: RuntimeWarning: os.fork() was called. os.fork() is incompatible with multithreaded code, and JAX is multithreaded, so this will likely lead to a deadlock.
  self.pid = os.fork()
05:22:05      Epoch: 1330      Loss: -0.00940744      Time/Epoch(s): 6.7762
05:23:13      Epoch: 1340      Loss: -0.01177821      Time/Epoch(s): 6.7952
05:24:21      Epoch: 1350      Loss: -0.01865235      Time/Epoch(s): 6.7608
05:25:29      Epoch: 1360      Loss: 0.41297641      Time/Epoch(s): 6.8514
    Validation loss: 0.018365465104579926
/home/gb21553/miniconda3/envs/jax/lib/python3.12/multiprocessing/popen_fork.py:66: RuntimeWarning: os.fork() was called. os.fork() is incompatible with multithreaded code, and JAX is multithreaded, so this will likely lead to a deadlock.
  self.pid = os.fork()
05:26:44      Epoch: 1370      Loss: 0.19500661      Time/Epoch(s): 6.8513
05:27:51      Epoch: 1380      Loss: 0.16592708      Time/Epoch(s): 6.8250
05:28:59      Epoch: 1390      Loss: 0.14822054      Time/Epoch(s): 6.8168
05:30:07      Epoch: 1400      Loss: 0.13169721      Time/Epoch(s): 6.8429
    Validation loss: 0.012441067956387997
/home/gb21553/miniconda3/envs/jax/lib/python3.12/multiprocessing/popen_fork.py:66: RuntimeWarning: os.fork() was called. os.fork() is incompatible with multithreaded code, and JAX is multithreaded, so this will likely lead to a deadlock.
  self.pid = os.fork()
05:31:22      Epoch: 1410      Loss: 0.10687131      Time/Epoch(s): 6.7766
05:32:30      Epoch: 1420      Loss: 0.07957193      Time/Epoch(s): 6.8453
05:33:38      Epoch: 1430      Loss: 0.06231604      Time/Epoch(s): 6.8226
05:34:46      Epoch: 1440      Loss: 0.04666930      Time/Epoch(s): 6.7994
    Validation loss: 0.009687726385891438
/home/gb21553/miniconda3/envs/jax/lib/python3.12/multiprocessing/popen_fork.py:66: RuntimeWarning: os.fork() was called. os.fork() is incompatible with multithreaded code, and JAX is multithreaded, so this will likely lead to a deadlock.
  self.pid = os.fork()
05:36:01      Epoch: 1450      Loss: 0.04180157      Time/Epoch(s): 6.7851
05:37:09      Epoch: 1460      Loss: 0.03067830      Time/Epoch(s): 6.8524
05:38:17      Epoch: 1470      Loss: 0.02563686      Time/Epoch(s): 6.8599
05:39:25      Epoch: 1480      Loss: 0.02036552      Time/Epoch(s): 6.7553
    Validation loss: 0.009140335023403168
/home/gb21553/miniconda3/envs/jax/lib/python3.12/multiprocessing/popen_fork.py:66: RuntimeWarning: os.fork() was called. os.fork() is incompatible with multithreaded code, and JAX is multithreaded, so this will likely lead to a deadlock.
  self.pid = os.fork()
05:40:40      Epoch: 1490      Loss: 0.01765705      Time/Epoch(s): 6.8646
05:41:48      Epoch: 1500      Loss: 0.01249462      Time/Epoch(s): 6.8624
05:42:56      Epoch: 1510      Loss: 0.00977893      Time/Epoch(s): 6.8101
05:44:04      Epoch: 1520      Loss: 0.00366740      Time/Epoch(s): 6.7830
    Validation loss: 0.008563692681491375
/home/gb21553/miniconda3/envs/jax/lib/python3.12/multiprocessing/popen_fork.py:66: RuntimeWarning: os.fork() was called. os.fork() is incompatible with multithreaded code, and JAX is multithreaded, so this will likely lead to a deadlock.
  self.pid = os.fork()
05:45:19      Epoch: 1530      Loss: 0.00360900      Time/Epoch(s): 6.8009
05:46:27      Epoch: 1540      Loss: 0.00004522      Time/Epoch(s): 6.7744
05:47:35      Epoch: 1550      Loss: 0.00061502      Time/Epoch(s): 6.8525
05:48:43      Epoch: 1560      Loss: -0.00247150      Time/Epoch(s): 6.7959
    Validation loss: 0.008470065891742706
/home/gb21553/miniconda3/envs/jax/lib/python3.12/multiprocessing/popen_fork.py:66: RuntimeWarning: os.fork() was called. os.fork() is incompatible with multithreaded code, and JAX is multithreaded, so this will likely lead to a deadlock.
  self.pid = os.fork()
05:49:59      Epoch: 1570      Loss: -0.00100456      Time/Epoch(s): 6.8275
05:51:07      Epoch: 1580      Loss: -0.00641045      Time/Epoch(s): 6.8327
05:52:15      Epoch: 1590      Loss: -0.01279615      Time/Epoch(s): 6.8115
05:53:23      Epoch: 1600      Loss: -0.01092409      Time/Epoch(s): 6.9285
    Validation loss: 0.008412138558924198
/home/gb21553/miniconda3/envs/jax/lib/python3.12/multiprocessing/popen_fork.py:66: RuntimeWarning: os.fork() was called. os.fork() is incompatible with multithreaded code, and JAX is multithreaded, so this will likely lead to a deadlock.
  self.pid = os.fork()
05:54:39      Epoch: 1610      Loss: -0.01353841      Time/Epoch(s): 6.7863
05:55:47      Epoch: 1620      Loss: -0.01591567      Time/Epoch(s): 6.8136
05:56:55      Epoch: 1630      Loss: -0.01231337      Time/Epoch(s): 6.8040
05:58:03      Epoch: 1640      Loss: -0.01438746      Time/Epoch(s): 6.7955
    Validation loss: 0.008202522061765194
    Best model saved at epoch 1640 with validation loss: 0.008202522061765194
/home/gb21553/miniconda3/envs/jax/lib/python3.12/multiprocessing/popen_fork.py:66: RuntimeWarning: os.fork() was called. os.fork() is incompatible with multithreaded code, and JAX is multithreaded, so this will likely lead to a deadlock.
  self.pid = os.fork()
05:59:19      Epoch: 1650      Loss: -0.01757293      Time/Epoch(s): 6.8495
06:00:27      Epoch: 1660      Loss: -0.01959690      Time/Epoch(s): 6.8265
06:01:36      Epoch: 1670      Loss: -0.02043705      Time/Epoch(s): 6.7750
06:02:44      Epoch: 1680      Loss: -0.01965457      Time/Epoch(s): 6.8567
    Validation loss: 0.008149768225848675
    Best model saved at epoch 1680 with validation loss: 0.008149768225848675
/home/gb21553/miniconda3/envs/jax/lib/python3.12/multiprocessing/popen_fork.py:66: RuntimeWarning: os.fork() was called. os.fork() is incompatible with multithreaded code, and JAX is multithreaded, so this will likely lead to a deadlock.
  self.pid = os.fork()
06:03:59      Epoch: 1690      Loss: -0.01780718      Time/Epoch(s): 6.8076
06:05:08      Epoch: 1700      Loss: -0.02561431      Time/Epoch(s): 6.8990
06:06:16      Epoch: 1710      Loss: -0.02405530      Time/Epoch(s): 6.9396
06:07:25      Epoch: 1720      Loss: -0.02406077      Time/Epoch(s): 6.8640
    Validation loss: 0.008123206906020641
    Best model saved at epoch 1720 with validation loss: 0.008123206906020641
/home/gb21553/miniconda3/envs/jax/lib/python3.12/multiprocessing/popen_fork.py:66: RuntimeWarning: os.fork() was called. os.fork() is incompatible with multithreaded code, and JAX is multithreaded, so this will likely lead to a deadlock.
  self.pid = os.fork()
06:08:40      Epoch: 1730      Loss: -0.02895384      Time/Epoch(s): 6.8400
06:09:49      Epoch: 1740      Loss: -0.02903868      Time/Epoch(s): 6.8905
06:10:57      Epoch: 1750      Loss: -0.03197305      Time/Epoch(s): 6.8663
06:12:06      Epoch: 1760      Loss: -0.02739431      Time/Epoch(s): 6.8256
    Validation loss: 0.008184313774108887
/home/gb21553/miniconda3/envs/jax/lib/python3.12/multiprocessing/popen_fork.py:66: RuntimeWarning: os.fork() was called. os.fork() is incompatible with multithreaded code, and JAX is multithreaded, so this will likely lead to a deadlock.
  self.pid = os.fork()
06:13:21      Epoch: 1770      Loss: -0.03372763      Time/Epoch(s): 6.8823
06:14:30      Epoch: 1780      Loss: -0.03354372      Time/Epoch(s): 6.9058
06:15:38      Epoch: 1790      Loss: -0.03519369      Time/Epoch(s): 6.9121
06:16:47      Epoch: 1800      Loss: -0.03603666      Time/Epoch(s): 6.8791
    Validation loss: 0.00787260476499796
    Best model saved at epoch 1800 with validation loss: 0.00787260476499796
/home/gb21553/miniconda3/envs/jax/lib/python3.12/multiprocessing/popen_fork.py:66: RuntimeWarning: os.fork() was called. os.fork() is incompatible with multithreaded code, and JAX is multithreaded, so this will likely lead to a deadlock.
  self.pid = os.fork()
06:18:02      Epoch: 1810      Loss: -0.03952964      Time/Epoch(s): 6.8749
06:19:11      Epoch: 1820      Loss: -0.03981621      Time/Epoch(s): 6.8207
06:20:19      Epoch: 1830      Loss: -0.04105582      Time/Epoch(s): 6.8375
06:21:28      Epoch: 1840      Loss: -0.04373007      Time/Epoch(s): 6.8566
    Validation loss: 0.007814846001565456
    Best model saved at epoch 1840 with validation loss: 0.007814846001565456
/home/gb21553/miniconda3/envs/jax/lib/python3.12/multiprocessing/popen_fork.py:66: RuntimeWarning: os.fork() was called. os.fork() is incompatible with multithreaded code, and JAX is multithreaded, so this will likely lead to a deadlock.
  self.pid = os.fork()
06:22:43      Epoch: 1850      Loss: -0.04589459      Time/Epoch(s): 6.8612
06:23:52      Epoch: 1860      Loss: -0.04493538      Time/Epoch(s): 6.8276
06:25:00      Epoch: 1870      Loss: -0.04363452      Time/Epoch(s): 6.8580
06:26:08      Epoch: 1880      Loss: -0.05048129      Time/Epoch(s): 6.8893
    Validation loss: 0.0077781374566257
    Best model saved at epoch 1880 with validation loss: 0.0077781374566257
/home/gb21553/miniconda3/envs/jax/lib/python3.12/multiprocessing/popen_fork.py:66: RuntimeWarning: os.fork() was called. os.fork() is incompatible with multithreaded code, and JAX is multithreaded, so this will likely lead to a deadlock.
  self.pid = os.fork()
06:27:24      Epoch: 1890      Loss: -0.05167139      Time/Epoch(s): 6.8009
06:28:32      Epoch: 1900      Loss: -0.05343892      Time/Epoch(s): 6.8528
06:29:41      Epoch: 1910      Loss: -0.04257087      Time/Epoch(s): 6.7773
06:30:49      Epoch: 1920      Loss: -0.05511297      Time/Epoch(s): 6.8906
    Validation loss: 0.007615442853420973
    Best model saved at epoch 1920 with validation loss: 0.007615442853420973
/home/gb21553/miniconda3/envs/jax/lib/python3.12/multiprocessing/popen_fork.py:66: RuntimeWarning: os.fork() was called. os.fork() is incompatible with multithreaded code, and JAX is multithreaded, so this will likely lead to a deadlock.
  self.pid = os.fork()
06:32:05      Epoch: 1930      Loss: -0.05798637      Time/Epoch(s): 6.8727
06:33:13      Epoch: 1940      Loss: -0.05695036      Time/Epoch(s): 6.8759
06:34:22      Epoch: 1950      Loss: -0.05621193      Time/Epoch(s): 6.8064
06:35:30      Epoch: 1960      Loss: -0.05691776      Time/Epoch(s): 6.8221
    Validation loss: 0.007609510328620672
    Best model saved at epoch 1960 with validation loss: 0.007609510328620672
/home/gb21553/miniconda3/envs/jax/lib/python3.12/multiprocessing/popen_fork.py:66: RuntimeWarning: os.fork() was called. os.fork() is incompatible with multithreaded code, and JAX is multithreaded, so this will likely lead to a deadlock.
  self.pid = os.fork()
06:36:45      Epoch: 1970      Loss: -0.06497259      Time/Epoch(s): 6.7457
06:37:54      Epoch: 1980      Loss: -0.06293261      Time/Epoch(s): 6.8731
06:39:02      Epoch: 1990      Loss: -0.06650665      Time/Epoch(s): 6.8727
06:40:10      Epoch: 2000      Loss: -0.06514062      Time/Epoch(s): 6.7831
    Validation loss: 0.0075452388264238834
    Best model saved at epoch 2000 with validation loss: 0.0075452388264238834
/home/gb21553/miniconda3/envs/jax/lib/python3.12/multiprocessing/popen_fork.py:66: RuntimeWarning: os.fork() was called. os.fork() is incompatible with multithreaded code, and JAX is multithreaded, so this will likely lead to a deadlock.
  self.pid = os.fork()
06:41:26      Epoch: 2010      Loss: -0.07132243      Time/Epoch(s): 6.8581
06:42:34      Epoch: 2020      Loss: 0.48762682      Time/Epoch(s): 6.8051
06:43:44      Epoch: 2030      Loss: 0.24477850      Time/Epoch(s): 6.8879
06:44:52      Epoch: 2040      Loss: 0.17643289      Time/Epoch(s): 6.9262
    Validation loss: 0.012822117656469345
/home/gb21553/miniconda3/envs/jax/lib/python3.12/multiprocessing/popen_fork.py:66: RuntimeWarning: os.fork() was called. os.fork() is incompatible with multithreaded code, and JAX is multithreaded, so this will likely lead to a deadlock.
  self.pid = os.fork()
06:46:08      Epoch: 2050      Loss: 0.15410890      Time/Epoch(s): 6.9471
06:47:17      Epoch: 2060      Loss: 0.13029222      Time/Epoch(s): 6.8840
06:48:25      Epoch: 2070      Loss: 0.11148855      Time/Epoch(s): 6.9116
06:49:34      Epoch: 2080      Loss: 0.08804785      Time/Epoch(s): 6.8141
    Validation loss: 0.010294417850673199
/home/gb21553/miniconda3/envs/jax/lib/python3.12/multiprocessing/popen_fork.py:66: RuntimeWarning: os.fork() was called. os.fork() is incompatible with multithreaded code, and JAX is multithreaded, so this will likely lead to a deadlock.
  self.pid = os.fork()
06:50:50      Epoch: 2090      Loss: 0.06937935      Time/Epoch(s): 6.8433
06:51:59      Epoch: 2100      Loss: 0.04769678      Time/Epoch(s): 6.9394
06:53:08      Epoch: 2110      Loss: 0.03057711      Time/Epoch(s): 6.8991
06:54:17      Epoch: 2120      Loss: 0.01418881      Time/Epoch(s): 6.9582
    Validation loss: 0.008781922049820423
/home/gb21553/miniconda3/envs/jax/lib/python3.12/multiprocessing/popen_fork.py:66: RuntimeWarning: os.fork() was called. os.fork() is incompatible with multithreaded code, and JAX is multithreaded, so this will likely lead to a deadlock.
  self.pid = os.fork()
06:55:33      Epoch: 2130      Loss: 0.00535618      Time/Epoch(s): 6.9138
06:56:42      Epoch: 2140      Loss: -0.00410268      Time/Epoch(s): 6.8525
06:57:51      Epoch: 2150      Loss: -0.01311463      Time/Epoch(s): 6.8751
06:59:00      Epoch: 2160      Loss: -0.02129101      Time/Epoch(s): 6.8553
    Validation loss: 0.008095718920230865
/home/gb21553/miniconda3/envs/jax/lib/python3.12/multiprocessing/popen_fork.py:66: RuntimeWarning: os.fork() was called. os.fork() is incompatible with multithreaded code, and JAX is multithreaded, so this will likely lead to a deadlock.
  self.pid = os.fork()
07:00:16      Epoch: 2170      Loss: -0.02359272      Time/Epoch(s): 6.9576
07:01:25      Epoch: 2180      Loss: -0.02883228      Time/Epoch(s): 6.8611
07:02:34      Epoch: 2190      Loss: -0.03483988      Time/Epoch(s): 6.9069
07:03:44      Epoch: 2200      Loss: -0.03728271      Time/Epoch(s): 6.9143
    Validation loss: 0.00787334144115448
/home/gb21553/miniconda3/envs/jax/lib/python3.12/multiprocessing/popen_fork.py:66: RuntimeWarning: os.fork() was called. os.fork() is incompatible with multithreaded code, and JAX is multithreaded, so this will likely lead to a deadlock.
  self.pid = os.fork()
07:05:01      Epoch: 2210      Loss: -0.03956493      Time/Epoch(s): 6.9474
07:06:10      Epoch: 2220      Loss: -0.04260140      Time/Epoch(s): 6.9288
07:07:19      Epoch: 2230      Loss: -0.04442447      Time/Epoch(s): 6.8617
07:08:28      Epoch: 2240      Loss: -0.05074315      Time/Epoch(s): 6.8997
    Validation loss: 0.007773792836815119
/home/gb21553/miniconda3/envs/jax/lib/python3.12/multiprocessing/popen_fork.py:66: RuntimeWarning: os.fork() was called. os.fork() is incompatible with multithreaded code, and JAX is multithreaded, so this will likely lead to a deadlock.
  self.pid = os.fork()
07:09:44      Epoch: 2250      Loss: -0.04691898      Time/Epoch(s): 7.0230
07:10:53      Epoch: 2260      Loss: -0.05408501      Time/Epoch(s): 6.8669
07:12:02      Epoch: 2270      Loss: -0.05705499      Time/Epoch(s): 6.8852
07:13:11      Epoch: 2280      Loss: -0.05854137      Time/Epoch(s): 6.9606
    Validation loss: 0.007659269962459803
/home/gb21553/miniconda3/envs/jax/lib/python3.12/multiprocessing/popen_fork.py:66: RuntimeWarning: os.fork() was called. os.fork() is incompatible with multithreaded code, and JAX is multithreaded, so this will likely lead to a deadlock.
  self.pid = os.fork()
07:14:27      Epoch: 2290      Loss: -0.05518247      Time/Epoch(s): 6.8477
07:15:36      Epoch: 2300      Loss: -0.05846310      Time/Epoch(s): 6.8686
07:16:45      Epoch: 2310      Loss: -0.06199653      Time/Epoch(s): 6.8920
07:17:54      Epoch: 2320      Loss: -0.06463422      Time/Epoch(s): 6.8817
    Validation loss: 0.007749965414404869
/home/gb21553/miniconda3/envs/jax/lib/python3.12/multiprocessing/popen_fork.py:66: RuntimeWarning: os.fork() was called. os.fork() is incompatible with multithreaded code, and JAX is multithreaded, so this will likely lead to a deadlock.
  self.pid = os.fork()
07:19:10      Epoch: 2330      Loss: -0.06597177      Time/Epoch(s): 6.9469
07:20:19      Epoch: 2340      Loss: -0.06663024      Time/Epoch(s): 6.9172
07:21:28      Epoch: 2350      Loss: -0.06571852      Time/Epoch(s): 7.0216
07:22:37      Epoch: 2360      Loss: -0.06351520      Time/Epoch(s): 6.9229
    Validation loss: 0.007467397954314947
    Best model saved at epoch 2360 with validation loss: 0.007467397954314947
/home/gb21553/miniconda3/envs/jax/lib/python3.12/multiprocessing/popen_fork.py:66: RuntimeWarning: os.fork() was called. os.fork() is incompatible with multithreaded code, and JAX is multithreaded, so this will likely lead to a deadlock.
  self.pid = os.fork()
07:23:53      Epoch: 2370      Loss: -0.07034718      Time/Epoch(s): 6.9138
07:25:02      Epoch: 2380      Loss: -0.06834428      Time/Epoch(s): 6.8957
07:26:10      Epoch: 2390      Loss: -0.07302471      Time/Epoch(s): 6.9168
07:27:19      Epoch: 2400      Loss: -0.07292991      Time/Epoch(s): 6.9090
    Validation loss: 0.007496265694499016
/home/gb21553/miniconda3/envs/jax/lib/python3.12/multiprocessing/popen_fork.py:66: RuntimeWarning: os.fork() was called. os.fork() is incompatible with multithreaded code, and JAX is multithreaded, so this will likely lead to a deadlock.
  self.pid = os.fork()
07:28:35      Epoch: 2410      Loss: -0.06615969      Time/Epoch(s): 6.8513
07:29:43      Epoch: 2420      Loss: -0.07380644      Time/Epoch(s): 6.8365
07:30:52      Epoch: 2430      Loss: -0.07331689      Time/Epoch(s): 6.8334
07:32:01      Epoch: 2440      Loss: -0.07669023      Time/Epoch(s): 6.8773
    Validation loss: 0.007402727380394936
    Best model saved at epoch 2440 with validation loss: 0.007402727380394936
/home/gb21553/miniconda3/envs/jax/lib/python3.12/multiprocessing/popen_fork.py:66: RuntimeWarning: os.fork() was called. os.fork() is incompatible with multithreaded code, and JAX is multithreaded, so this will likely lead to a deadlock.
  self.pid = os.fork()
07:33:17      Epoch: 2450      Loss: -0.07393812      Time/Epoch(s): 6.8247
07:34:25      Epoch: 2460      Loss: -0.07866798      Time/Epoch(s): 6.8491
07:35:34      Epoch: 2470      Loss: -0.07797347      Time/Epoch(s): 6.8033
07:36:42      Epoch: 2480      Loss: -0.07984245      Time/Epoch(s): 6.8235
    Validation loss: 0.007409034762531519
/home/gb21553/miniconda3/envs/jax/lib/python3.12/multiprocessing/popen_fork.py:66: RuntimeWarning: os.fork() was called. os.fork() is incompatible with multithreaded code, and JAX is multithreaded, so this will likely lead to a deadlock.
  self.pid = os.fork()
07:37:58      Epoch: 2490      Loss: -0.08123187      Time/Epoch(s): 6.9106
07:39:07      Epoch: 2500      Loss: -0.08453932      Time/Epoch(s): 6.9059
07:40:16      Epoch: 2510      Loss: -0.08260363      Time/Epoch(s): 6.8345
07:41:24      Epoch: 2520      Loss: -0.08333135      Time/Epoch(s): 6.8663
    Validation loss: 0.00722425477579236
    Best model saved at epoch 2520 with validation loss: 0.00722425477579236
/home/gb21553/miniconda3/envs/jax/lib/python3.12/multiprocessing/popen_fork.py:66: RuntimeWarning: os.fork() was called. os.fork() is incompatible with multithreaded code, and JAX is multithreaded, so this will likely lead to a deadlock.
  self.pid = os.fork()
07:42:40      Epoch: 2530      Loss: -0.08478695      Time/Epoch(s): 6.8818
07:43:49      Epoch: 2540      Loss: -0.08527396      Time/Epoch(s): 6.9084
07:44:58      Epoch: 2550      Loss: -0.08396991      Time/Epoch(s): 6.8591
07:46:07      Epoch: 2560      Loss: -0.08775917      Time/Epoch(s): 6.8540
    Validation loss: 0.007283110171556473
/home/gb21553/miniconda3/envs/jax/lib/python3.12/multiprocessing/popen_fork.py:66: RuntimeWarning: os.fork() was called. os.fork() is incompatible with multithreaded code, and JAX is multithreaded, so this will likely lead to a deadlock.
  self.pid = os.fork()
07:47:23      Epoch: 2570      Loss: -0.09114108      Time/Epoch(s): 6.8794
07:48:32      Epoch: 2580      Loss: -0.08799642      Time/Epoch(s): 6.8729
07:49:41      Epoch: 2590      Loss: -0.08977476      Time/Epoch(s): 6.8961
07:50:51      Epoch: 2600      Loss: -0.09022950      Time/Epoch(s): 6.8531
    Validation loss: 0.007232869043946266
/home/gb21553/miniconda3/envs/jax/lib/python3.12/multiprocessing/popen_fork.py:66: RuntimeWarning: os.fork() was called. os.fork() is incompatible with multithreaded code, and JAX is multithreaded, so this will likely lead to a deadlock.
  self.pid = os.fork()
07:52:07      Epoch: 2610      Loss: -0.09311450      Time/Epoch(s): 6.8735
07:53:16      Epoch: 2620      Loss: -0.08936007      Time/Epoch(s): 6.8988
07:54:25      Epoch: 2630      Loss: -0.09426355      Time/Epoch(s): 6.8936
07:55:34      Epoch: 2640      Loss: 0.41534954      Time/Epoch(s): 6.8179
    Validation loss: 0.020482247695326805
/home/gb21553/miniconda3/envs/jax/lib/python3.12/multiprocessing/popen_fork.py:66: RuntimeWarning: os.fork() was called. os.fork() is incompatible with multithreaded code, and JAX is multithreaded, so this will likely lead to a deadlock.
  self.pid = os.fork()
07:56:50      Epoch: 2650      Loss: 0.19877182      Time/Epoch(s): 6.9116
07:57:59      Epoch: 2660      Loss: 0.13532783      Time/Epoch(s): 6.9055
07:59:08      Epoch: 2670      Loss: 0.08196039      Time/Epoch(s): 6.9152
08:00:17      Epoch: 2680      Loss: 0.04022927      Time/Epoch(s): 6.8643
    Validation loss: 0.009181493893265724
/home/gb21553/miniconda3/envs/jax/lib/python3.12/multiprocessing/popen_fork.py:66: RuntimeWarning: os.fork() was called. os.fork() is incompatible with multithreaded code, and JAX is multithreaded, so this will likely lead to a deadlock.
  self.pid = os.fork()
08:01:33      Epoch: 2690      Loss: 0.02148578      Time/Epoch(s): 6.9007
08:02:42      Epoch: 2700      Loss: 0.00621044      Time/Epoch(s): 6.8407
08:03:51      Epoch: 2710      Loss: -0.00636822      Time/Epoch(s): 6.8790
08:05:00      Epoch: 2720      Loss: -0.01799885      Time/Epoch(s): 6.9492
    Validation loss: 0.008058997802436352
/home/gb21553/miniconda3/envs/jax/lib/python3.12/multiprocessing/popen_fork.py:66: RuntimeWarning: os.fork() was called. os.fork() is incompatible with multithreaded code, and JAX is multithreaded, so this will likely lead to a deadlock.
  self.pid = os.fork()
08:06:16      Epoch: 2730      Loss: -0.01924441      Time/Epoch(s): 6.8628
08:07:25      Epoch: 2740      Loss: -0.02951025      Time/Epoch(s): 6.9381
08:08:34      Epoch: 2750      Loss: -0.03374790      Time/Epoch(s): 6.9627
08:09:43      Epoch: 2760      Loss: -0.03865883      Time/Epoch(s): 7.0007
    Validation loss: 0.007714724633842707
/home/gb21553/miniconda3/envs/jax/lib/python3.12/multiprocessing/popen_fork.py:66: RuntimeWarning: os.fork() was called. os.fork() is incompatible with multithreaded code, and JAX is multithreaded, so this will likely lead to a deadlock.
  self.pid = os.fork()
08:10:59      Epoch: 2770      Loss: -0.04155196      Time/Epoch(s): 6.9349
08:12:09      Epoch: 2780      Loss: -0.04633841      Time/Epoch(s): 6.9328
08:13:18      Epoch: 2790      Loss: -0.04947294      Time/Epoch(s): 6.8939
08:14:28      Epoch: 2800      Loss: -0.05041148      Time/Epoch(s): 7.1710
    Validation loss: 0.007531790062785149
/home/gb21553/miniconda3/envs/jax/lib/python3.12/multiprocessing/popen_fork.py:66: RuntimeWarning: os.fork() was called. os.fork() is incompatible with multithreaded code, and JAX is multithreaded, so this will likely lead to a deadlock.
  self.pid = os.fork()
08:15:44      Epoch: 2810      Loss: -0.05676410      Time/Epoch(s): 6.9280
08:16:53      Epoch: 2820      Loss: -0.06161384      Time/Epoch(s): 6.8585
08:18:02      Epoch: 2830      Loss: -0.06258200      Time/Epoch(s): 6.8610
08:19:10      Epoch: 2840      Loss: -0.06350170      Time/Epoch(s): 6.9032
    Validation loss: 0.007512789219617844
/home/gb21553/miniconda3/envs/jax/lib/python3.12/multiprocessing/popen_fork.py:66: RuntimeWarning: os.fork() was called. os.fork() is incompatible with multithreaded code, and JAX is multithreaded, so this will likely lead to a deadlock.
  self.pid = os.fork()
08:20:26      Epoch: 2850      Loss: -0.06887050      Time/Epoch(s): 6.9234
08:21:36      Epoch: 2860      Loss: -0.06551985      Time/Epoch(s): 6.9733
08:22:45      Epoch: 2870      Loss: -0.06927534      Time/Epoch(s): 6.9475
08:23:54      Epoch: 2880      Loss: -0.07753272      Time/Epoch(s): 6.9403
    Validation loss: 0.00736107537522912
/home/gb21553/miniconda3/envs/jax/lib/python3.12/multiprocessing/popen_fork.py:66: RuntimeWarning: os.fork() was called. os.fork() is incompatible with multithreaded code, and JAX is multithreaded, so this will likely lead to a deadlock.
  self.pid = os.fork()
08:25:10      Epoch: 2890      Loss: -0.07686140      Time/Epoch(s): 6.9034
08:26:20      Epoch: 2900      Loss: -0.07859054      Time/Epoch(s): 6.9053
08:27:29      Epoch: 2910      Loss: -0.07828920      Time/Epoch(s): 6.9331
08:28:38      Epoch: 2920      Loss: -0.08100232      Time/Epoch(s): 6.9504
    Validation loss: 0.0072808219119906425
/home/gb21553/miniconda3/envs/jax/lib/python3.12/multiprocessing/popen_fork.py:66: RuntimeWarning: os.fork() was called. os.fork() is incompatible with multithreaded code, and JAX is multithreaded, so this will likely lead to a deadlock.
  self.pid = os.fork()
08:29:55      Epoch: 2930      Loss: -0.08351518      Time/Epoch(s): 6.9346
08:31:04      Epoch: 2940      Loss: -0.08661117      Time/Epoch(s): 6.8566
08:32:13      Epoch: 2950      Loss: -0.08838413      Time/Epoch(s): 6.9609
08:33:22      Epoch: 2960      Loss: -0.08658373      Time/Epoch(s): 6.8832
    Validation loss: 0.007270570378750563
/home/gb21553/miniconda3/envs/jax/lib/python3.12/multiprocessing/popen_fork.py:66: RuntimeWarning: os.fork() was called. os.fork() is incompatible with multithreaded code, and JAX is multithreaded, so this will likely lead to a deadlock.
  self.pid = os.fork()
08:34:39      Epoch: 2970      Loss: -0.08661131      Time/Epoch(s): 6.9519
08:35:48      Epoch: 2980      Loss: -0.08909117      Time/Epoch(s): 6.9474
08:36:57      Epoch: 2990      Loss: -0.09134240      Time/Epoch(s): 6.8963
08:38:06      Epoch: 3000      Loss: -0.09400822      Time/Epoch(s): 6.8941
    Validation loss: 0.007123483810573816
    Best model saved at epoch 3000 with validation loss: 0.007123483810573816
/home/gb21553/miniconda3/envs/jax/lib/python3.12/multiprocessing/popen_fork.py:66: RuntimeWarning: os.fork() was called. os.fork() is incompatible with multithreaded code, and JAX is multithreaded, so this will likely lead to a deadlock.
  self.pid = os.fork()
08:39:23      Epoch: 3010      Loss: -0.09348875      Time/Epoch(s): 6.9089
08:40:32      Epoch: 3020      Loss: -0.09308877      Time/Epoch(s): 6.9325
08:41:41      Epoch: 3030      Loss: -0.09036595      Time/Epoch(s): 6.9731
08:42:50      Epoch: 3040      Loss: -0.09558135      Time/Epoch(s): 6.8920
    Validation loss: 0.007058217655867338
    Best model saved at epoch 3040 with validation loss: 0.007058217655867338
/home/gb21553/miniconda3/envs/jax/lib/python3.12/multiprocessing/popen_fork.py:66: RuntimeWarning: os.fork() was called. os.fork() is incompatible with multithreaded code, and JAX is multithreaded, so this will likely lead to a deadlock.
  self.pid = os.fork()
08:44:07      Epoch: 3050      Loss: -0.09932005      Time/Epoch(s): 6.9508
08:45:16      Epoch: 3060      Loss: -0.09715259      Time/Epoch(s): 6.8976
08:46:26      Epoch: 3070      Loss: -0.09733235      Time/Epoch(s): 6.9869
08:47:35      Epoch: 3080      Loss: -0.09959669      Time/Epoch(s): 6.9049
    Validation loss: 0.006939067970961332
    Best model saved at epoch 3080 with validation loss: 0.006939067970961332
/home/gb21553/miniconda3/envs/jax/lib/python3.12/multiprocessing/popen_fork.py:66: RuntimeWarning: os.fork() was called. os.fork() is incompatible with multithreaded code, and JAX is multithreaded, so this will likely lead to a deadlock.
  self.pid = os.fork()
08:48:51      Epoch: 3090      Loss: -0.10365649      Time/Epoch(s): 6.9118
08:50:00      Epoch: 3100      Loss: -0.09853639      Time/Epoch(s): 6.8560
08:51:09      Epoch: 3110      Loss: -0.10332157      Time/Epoch(s): 6.9445
08:52:18      Epoch: 3120      Loss: -0.10606117      Time/Epoch(s): 6.9097
    Validation loss: 0.006980664562433958
/home/gb21553/miniconda3/envs/jax/lib/python3.12/multiprocessing/popen_fork.py:66: RuntimeWarning: os.fork() was called. os.fork() is incompatible with multithreaded code, and JAX is multithreaded, so this will likely lead to a deadlock.
  self.pid = os.fork()
08:53:35      Epoch: 3130      Loss: -0.10514901      Time/Epoch(s): 6.9754
08:54:44      Epoch: 3140      Loss: -0.10505818      Time/Epoch(s): 6.8702
08:55:53      Epoch: 3150      Loss: -0.10613182      Time/Epoch(s): 6.9057
08:57:03      Epoch: 3160      Loss: -0.10544347      Time/Epoch(s): 6.8699
    Validation loss: 0.006941661704331636
/home/gb21553/miniconda3/envs/jax/lib/python3.12/multiprocessing/popen_fork.py:66: RuntimeWarning: os.fork() was called. os.fork() is incompatible with multithreaded code, and JAX is multithreaded, so this will likely lead to a deadlock.
  self.pid = os.fork()
08:58:19      Epoch: 3170      Loss: -0.10525182      Time/Epoch(s): 6.9456
08:59:29      Epoch: 3180      Loss: -0.10734103      Time/Epoch(s): 7.0065
09:00:39      Epoch: 3190      Loss: -0.11016186      Time/Epoch(s): 6.9127
09:01:49      Epoch: 3200      Loss: -0.11203266      Time/Epoch(s): 7.2673
    Validation loss: 0.006905835121870041
    Best model saved at epoch 3200 with validation loss: 0.006905835121870041
/home/gb21553/miniconda3/envs/jax/lib/python3.12/multiprocessing/popen_fork.py:66: RuntimeWarning: os.fork() was called. os.fork() is incompatible with multithreaded code, and JAX is multithreaded, so this will likely lead to a deadlock.
  self.pid = os.fork()
09:03:05      Epoch: 3210      Loss: -0.11137689      Time/Epoch(s): 6.9218
09:04:15      Epoch: 3220      Loss: -0.11333710      Time/Epoch(s): 6.9566
09:05:24      Epoch: 3230      Loss: -0.11127081      Time/Epoch(s): 6.8915
09:06:34      Epoch: 3240      Loss: -0.11322016      Time/Epoch(s): 6.9209
    Validation loss: 0.006858173292130232
    Best model saved at epoch 3240 with validation loss: 0.006858173292130232
/home/gb21553/miniconda3/envs/jax/lib/python3.12/multiprocessing/popen_fork.py:66: RuntimeWarning: os.fork() was called. os.fork() is incompatible with multithreaded code, and JAX is multithreaded, so this will likely lead to a deadlock.
  self.pid = os.fork()
09:07:50      Epoch: 3250      Loss: -0.11423555      Time/Epoch(s): 6.9492
09:09:00      Epoch: 3260      Loss: -0.11659272      Time/Epoch(s): 6.9452
09:10:09      Epoch: 3270      Loss: -0.12124112      Time/Epoch(s): 6.8639
09:11:19      Epoch: 3280      Loss: -0.11863560      Time/Epoch(s): 6.9194
    Validation loss: 0.0067854514345526695
    Best model saved at epoch 3280 with validation loss: 0.0067854514345526695
/home/gb21553/miniconda3/envs/jax/lib/python3.12/multiprocessing/popen_fork.py:66: RuntimeWarning: os.fork() was called. os.fork() is incompatible with multithreaded code, and JAX is multithreaded, so this will likely lead to a deadlock.
  self.pid = os.fork()
09:12:36      Epoch: 3290      Loss: -0.11115091      Time/Epoch(s): 6.9790
09:13:45      Epoch: 3300      Loss: -0.11592206      Time/Epoch(s): 6.9966
09:14:55      Epoch: 3310      Loss: -0.11808533      Time/Epoch(s): 6.9926
09:16:05      Epoch: 3320      Loss: -0.11965544      Time/Epoch(s): 6.9376
    Validation loss: 0.006939793471246958
/home/gb21553/miniconda3/envs/jax/lib/python3.12/multiprocessing/popen_fork.py:66: RuntimeWarning: os.fork() was called. os.fork() is incompatible with multithreaded code, and JAX is multithreaded, so this will likely lead to a deadlock.
  self.pid = os.fork()
09:17:21      Epoch: 3330      Loss: -0.11987820      Time/Epoch(s): 7.0308
09:18:31      Epoch: 3340      Loss: -0.11687870      Time/Epoch(s): 6.9648
09:19:41      Epoch: 3350      Loss: -0.12091853      Time/Epoch(s): 6.9688
09:20:50      Epoch: 3360      Loss: -0.12301645      Time/Epoch(s): 6.9898
    Validation loss: 0.006813412997871637
/home/gb21553/miniconda3/envs/jax/lib/python3.12/multiprocessing/popen_fork.py:66: RuntimeWarning: os.fork() was called. os.fork() is incompatible with multithreaded code, and JAX is multithreaded, so this will likely lead to a deadlock.
  self.pid = os.fork()
09:22:06      Epoch: 3370      Loss: -0.12295371      Time/Epoch(s): 6.9677
09:23:16      Epoch: 3380      Loss: -0.12507991      Time/Epoch(s): 6.9569
09:24:25      Epoch: 3390      Loss: -0.12519611      Time/Epoch(s): 6.9466
09:25:34      Epoch: 3400      Loss: -0.12910363      Time/Epoch(s): 6.8771
    Validation loss: 0.006721018347889185
    Best model saved at epoch 3400 with validation loss: 0.006721018347889185
/home/gb21553/miniconda3/envs/jax/lib/python3.12/multiprocessing/popen_fork.py:66: RuntimeWarning: os.fork() was called. os.fork() is incompatible with multithreaded code, and JAX is multithreaded, so this will likely lead to a deadlock.
  self.pid = os.fork()
09:26:52      Epoch: 3410      Loss: -0.12532119      Time/Epoch(s): 7.0058
09:28:01      Epoch: 3420      Loss: -0.12879612      Time/Epoch(s): 6.9408
09:29:11      Epoch: 3430      Loss: -0.12630323      Time/Epoch(s): 6.8860
09:30:20      Epoch: 3440      Loss: -0.12885591      Time/Epoch(s): 6.9695
    Validation loss: 0.006741101387888193
/home/gb21553/miniconda3/envs/jax/lib/python3.12/multiprocessing/popen_fork.py:66: RuntimeWarning: os.fork() was called. os.fork() is incompatible with multithreaded code, and JAX is multithreaded, so this will likely lead to a deadlock.
  self.pid = os.fork()
09:31:37      Epoch: 3450      Loss: -0.12816331      Time/Epoch(s): 6.9424
09:32:47      Epoch: 3460      Loss: -0.12992868      Time/Epoch(s): 6.9905
09:33:56      Epoch: 3470      Loss: -0.13308029      Time/Epoch(s): 6.9615
09:35:06      Epoch: 3480      Loss: -0.13021375      Time/Epoch(s): 7.1160
    Validation loss: 0.006600153632462025
    Best model saved at epoch 3480 with validation loss: 0.006600153632462025
/home/gb21553/miniconda3/envs/jax/lib/python3.12/multiprocessing/popen_fork.py:66: RuntimeWarning: os.fork() was called. os.fork() is incompatible with multithreaded code, and JAX is multithreaded, so this will likely lead to a deadlock.
  self.pid = os.fork()
09:36:23      Epoch: 3490      Loss: -0.13570575      Time/Epoch(s): 6.9706
09:37:33      Epoch: 3500      Loss: -0.13382846      Time/Epoch(s): 6.9509
09:38:43      Epoch: 3510      Loss: -0.13315360      Time/Epoch(s): 6.9421
09:39:52      Epoch: 3520      Loss: -0.13638885      Time/Epoch(s): 6.9530
    Validation loss: 0.006562907714396715
    Best model saved at epoch 3520 with validation loss: 0.006562907714396715
/home/gb21553/miniconda3/envs/jax/lib/python3.12/multiprocessing/popen_fork.py:66: RuntimeWarning: os.fork() was called. os.fork() is incompatible with multithreaded code, and JAX is multithreaded, so this will likely lead to a deadlock.
  self.pid = os.fork()
09:41:09      Epoch: 3530      Loss: -0.13877700      Time/Epoch(s): 6.9697
09:42:19      Epoch: 3540      Loss: -0.14135845      Time/Epoch(s): 6.9819
09:43:29      Epoch: 3550      Loss: -0.13854949      Time/Epoch(s): 6.9352
09:44:39      Epoch: 3560      Loss: -0.14034563      Time/Epoch(s): 6.9449
    Validation loss: 0.006567651405930519
/home/gb21553/miniconda3/envs/jax/lib/python3.12/multiprocessing/popen_fork.py:66: RuntimeWarning: os.fork() was called. os.fork() is incompatible with multithreaded code, and JAX is multithreaded, so this will likely lead to a deadlock.
  self.pid = os.fork()
09:45:56      Epoch: 3570      Loss: -0.14229643      Time/Epoch(s): 6.9561
09:47:06      Epoch: 3580      Loss: -0.14313085      Time/Epoch(s): 7.0402
09:48:15      Epoch: 3590      Loss: -0.14607528      Time/Epoch(s): 6.9830
09:49:25      Epoch: 3600      Loss: -0.14674269      Time/Epoch(s): 6.9069
    Validation loss: 0.0064628710970282555
    Best model saved at epoch 3600 with validation loss: 0.0064628710970282555
/home/gb21553/miniconda3/envs/jax/lib/python3.12/multiprocessing/popen_fork.py:66: RuntimeWarning: os.fork() was called. os.fork() is incompatible with multithreaded code, and JAX is multithreaded, so this will likely lead to a deadlock.
  self.pid = os.fork()
09:50:42      Epoch: 3610      Loss: -0.14750090      Time/Epoch(s): 6.9081
09:51:52      Epoch: 3620      Loss: -0.14782031      Time/Epoch(s): 7.0189
09:53:02      Epoch: 3630      Loss: -0.14665915      Time/Epoch(s): 7.2779
09:54:12      Epoch: 3640      Loss: -0.14990261      Time/Epoch(s): 6.9502
    Validation loss: 0.00646786717697978
/home/gb21553/miniconda3/envs/jax/lib/python3.12/multiprocessing/popen_fork.py:66: RuntimeWarning: os.fork() was called. os.fork() is incompatible with multithreaded code, and JAX is multithreaded, so this will likely lead to a deadlock.
  self.pid = os.fork()
09:55:29      Epoch: 3650      Loss: -0.15052922      Time/Epoch(s): 6.9806
09:56:38      Epoch: 3660      Loss: -0.14924271      Time/Epoch(s): 7.0378
09:57:48      Epoch: 3670      Loss: -0.14796659      Time/Epoch(s): 6.9448
09:58:58      Epoch: 3680      Loss: -0.15137210      Time/Epoch(s): 7.0495
    Validation loss: 0.006392813753336668
    Best model saved at epoch 3680 with validation loss: 0.006392813753336668
/home/gb21553/miniconda3/envs/jax/lib/python3.12/multiprocessing/popen_fork.py:66: RuntimeWarning: os.fork() was called. os.fork() is incompatible with multithreaded code, and JAX is multithreaded, so this will likely lead to a deadlock.
  self.pid = os.fork()
10:00:15      Epoch: 3690      Loss: -0.15277694      Time/Epoch(s): 7.0064
10:01:25      Epoch: 3700      Loss: -0.14815097      Time/Epoch(s): 6.9876
10:02:35      Epoch: 3710      Loss: -0.15478171      Time/Epoch(s): 7.0010
10:03:45      Epoch: 3720      Loss: -0.15455006      Time/Epoch(s): 6.9920
    Validation loss: 0.006307973526418209
    Best model saved at epoch 3720 with validation loss: 0.006307973526418209
/home/gb21553/miniconda3/envs/jax/lib/python3.12/multiprocessing/popen_fork.py:66: RuntimeWarning: os.fork() was called. os.fork() is incompatible with multithreaded code, and JAX is multithreaded, so this will likely lead to a deadlock.
  self.pid = os.fork()
10:05:02      Epoch: 3730      Loss: -0.15764503      Time/Epoch(s): 6.9636
10:06:13      Epoch: 3740      Loss: -0.15604401      Time/Epoch(s): 7.0211
10:07:23      Epoch: 3750      Loss: -0.15784752      Time/Epoch(s): 7.0357
10:08:33      Epoch: 3760      Loss: -0.16294809      Time/Epoch(s): 6.9352
    Validation loss: 0.006380695383995771
/home/gb21553/miniconda3/envs/jax/lib/python3.12/multiprocessing/popen_fork.py:66: RuntimeWarning: os.fork() was called. os.fork() is incompatible with multithreaded code, and JAX is multithreaded, so this will likely lead to a deadlock.
  self.pid = os.fork()
10:09:50      Epoch: 3770      Loss: -0.15885325      Time/Epoch(s): 7.0476
10:11:00      Epoch: 3780      Loss: -0.15760951      Time/Epoch(s): 7.0245
10:12:10      Epoch: 3790      Loss: -0.16339831      Time/Epoch(s): 6.9371
10:13:20      Epoch: 3800      Loss: -0.16408317      Time/Epoch(s): 6.9815
    Validation loss: 0.0062737115658819675
    Best model saved at epoch 3800 with validation loss: 0.0062737115658819675
/home/gb21553/miniconda3/envs/jax/lib/python3.12/multiprocessing/popen_fork.py:66: RuntimeWarning: os.fork() was called. os.fork() is incompatible with multithreaded code, and JAX is multithreaded, so this will likely lead to a deadlock.
  self.pid = os.fork()
10:14:37      Epoch: 3810      Loss: -0.16529262      Time/Epoch(s): 7.0811
10:15:47      Epoch: 3820      Loss: -0.16491821      Time/Epoch(s): 6.9376
10:16:57      Epoch: 3830      Loss: -0.16655388      Time/Epoch(s): 6.9815
10:18:07      Epoch: 3840      Loss: -0.16584693      Time/Epoch(s): 6.9797
    Validation loss: 0.00617819232866168
    Best model saved at epoch 3840 with validation loss: 0.00617819232866168
/home/gb21553/miniconda3/envs/jax/lib/python3.12/multiprocessing/popen_fork.py:66: RuntimeWarning: os.fork() was called. os.fork() is incompatible with multithreaded code, and JAX is multithreaded, so this will likely lead to a deadlock.
  self.pid = os.fork()
10:19:24      Epoch: 3850      Loss: -0.16543315      Time/Epoch(s): 7.0145
10:20:35      Epoch: 3860      Loss: -0.16885677      Time/Epoch(s): 7.0719
10:21:45      Epoch: 3870      Loss: -0.17220095      Time/Epoch(s): 7.0060
10:22:55      Epoch: 3880      Loss: -0.17248476      Time/Epoch(s): 6.9798
    Validation loss: 0.006161549128592014
    Best model saved at epoch 3880 with validation loss: 0.006161549128592014
/home/gb21553/miniconda3/envs/jax/lib/python3.12/multiprocessing/popen_fork.py:66: RuntimeWarning: os.fork() was called. os.fork() is incompatible with multithreaded code, and JAX is multithreaded, so this will likely lead to a deadlock.
  self.pid = os.fork()
10:24:13      Epoch: 3890      Loss: -0.16949062      Time/Epoch(s): 7.0994
10:25:23      Epoch: 3900      Loss: -0.17382650      Time/Epoch(s): 6.9761
10:26:33      Epoch: 3910      Loss: -0.17194581      Time/Epoch(s): 6.9961
10:27:44      Epoch: 3920      Loss: -0.18133749      Time/Epoch(s): 6.9941
    Validation loss: 0.006102010142058134
    Best model saved at epoch 3920 with validation loss: 0.006102010142058134
/home/gb21553/miniconda3/envs/jax/lib/python3.12/multiprocessing/popen_fork.py:66: RuntimeWarning: os.fork() was called. os.fork() is incompatible with multithreaded code, and JAX is multithreaded, so this will likely lead to a deadlock.
  self.pid = os.fork()
10:29:01      Epoch: 3930      Loss: -0.17811430      Time/Epoch(s): 7.0410
10:30:11      Epoch: 3940      Loss: -0.18199378      Time/Epoch(s): 6.9596
10:31:21      Epoch: 3950      Loss: -0.18171790      Time/Epoch(s): 7.0529
10:32:31      Epoch: 3960      Loss: -0.18535179      Time/Epoch(s): 6.9930
    Validation loss: 0.005958938039839268
    Best model saved at epoch 3960 with validation loss: 0.005958938039839268
/home/gb21553/miniconda3/envs/jax/lib/python3.12/multiprocessing/popen_fork.py:66: RuntimeWarning: os.fork() was called. os.fork() is incompatible with multithreaded code, and JAX is multithreaded, so this will likely lead to a deadlock.
  self.pid = os.fork()
10:33:49      Epoch: 3970      Loss: -0.18223304      Time/Epoch(s): 6.9462
10:34:59      Epoch: 3980      Loss: -0.18694519      Time/Epoch(s): 6.9229
10:36:09      Epoch: 3990      Loss: -0.18694860      Time/Epoch(s): 7.0276
10:37:11      Epoch: 3999      Loss: -0.19254637      Time/Epoch(s): 6.9159

Total training time: 07:47:58

Loading VoxCeleb2 dataset ...
/home/gb21553/miniconda3/envs/jax/lib/python3.12/multiprocessing/popen_fork.py:66: RuntimeWarning: os.fork() was called. os.fork() is incompatible with multithreaded code, and JAX is multithreaded, so this will likely lead to a deadlock.
  self.pid = os.fork()
/home/gb21553/miniconda3/envs/jax/lib/python3.12/site-packages/matplotlib/cm.py:494: RuntimeWarning: invalid value encountered in cast
  xx = (xx * 255).astype(np.uint8)
/home/gb21553/miniconda3/envs/jax/lib/python3.12/subprocess.py:1883: RuntimeWarning: os.fork() was called. os.fork() is incompatible with multithreaded code, and JAX is multithreaded, so this will likely lead to a deadlock.
  self.pid = _fork_exec(
/home/gb21553/Projects/PiedPiper/piedpiper/visualtester.py:276: RuntimeWarning: invalid value encountered in cast
  int_img = int_img.astype(np.uint8)
